: Best

=info Фото, так или иначе побывавшие на выставках или стендах - в 7к или ГК

/b001-020/b002
b002-1-3.jpg # Вова Одинцев, 7к-305к
b002-1-4.jpg # Игорь Бутенко, 7к-305к
b002-3-2.jpg # Шура Малютин

/b001-020/b003
b003-6-1.jpg # Вид на стадион из окна 7к-305к
b003-7-3.jpg

/b001-020/b004
b004-1-2.jpg # 7к
b004-1-4.jpg # 3к, вид от 6к 
b004-1-5.jpg # 7к + 3к, вид от 6к

/b001-020/b006
b006-1-4.jpg # Лена Шевлякова
b006-4-1.jpg # Игорь Грабовский и Слава Степанов
b006-5-1.jpg

/b001-020/b007
b007-4-5.jpg
b007-5-4.jpg
b007-5-5.jpg
b007-6-4.jpg

/b001-020/b010
b010-4-2.jpg
b010-5-5.jpg

/b001-020/b011
b011-6-4.jpg

/b001-020/b012
b012-5-3.jpg

/b001-020/b013
b013-1-1.jpg
b013-3-3.jpg

/b001-020/b014
b014-1-1.jpg

/b001-020/b015
b015-1-5.jpg
b015-2-4.jpg
b015-4-5.jpg

/b001-020/b016
b016-1-2.jpg
b016-1-4.jpg
b016-3-3.jpg

/b001-020/b017
b017-4-1.jpg

/b001-020/b019
b019-1-1.jpg
b019-1-2.jpg

/b001-020/b020
b020-3-3.jpg
b020-6-1.jpg

/b021-040/b022
b022-5-5.jpg
b022-6-1.jpg

/b021-040/b023
b023-1-1.jpg
b023-4-3.jpg
b023-5-2.jpg

/b061-080/b061
b061-1-1.jpg
b061-3-2.jpg
b061-3-3.jpg
b061-7-4.jpg

/b061-080/b064
b064-1-1.jpg
b064-2-1.jpg
b064-3-4.jpg
b064-4-3.jpg

/b061-080/b065
b065-3-3.jpg

/b061-080/b066
b066-2-4.jpg
b066-5-4.jpg

/b061-080/b067
b067-4-1.jpg

/b061-080/b069
b069-4-1.jpg
b069-4-3.jpg
b069-4-5.jpg

/b061-080/b070
b070-1-4.jpg
b070-1-5.jpg

/b061-080/b071
b071-2-4.jpg
b071-5-2.jpg

/b061-080/b072
b072-3-2.jpg
b072-6-2.jpg

/b061-080/b073
b073-1-2.jpg
b073-1-3.jpg

/b061-080/b075
b075-3-3.jpg

/b061-080/b079
b079-1-5.jpg
b079-4-5.jpg

/b101-120/b112
b112-3-3.jpg
b112-5-4.jpg
b112-6-2.jpg

/b101-120/b114
b114-2-2.jpg
b114-4-1.jpg
b114-6-3.jpg

/b101-120/b116
b116-7-4.jpg

/b101-120/b117
b117-2-1.jpg
b117-2-3.jpg

/b101-120/b118
b118-3-3.jpg
b118-6-4.jpg
b118-7-4.jpg

/b101-120/b119
b119-4-3.jpg

/b101-120/b120
b120-3-4.jpg
b120-5-3.jpg

/b121-140/b121
b121-2-1.jpg
b121-2-3.jpg
b121-3-5.jpg
b121-6-4.jpg

/b121-140/b122
b122-2-1.jpg
b122-4-2.jpg

/b121-140/b124
b124-4-2.jpg
b124-6-5.jpg

/b121-140/b125
b125-4-4.jpg
b125-7-4.jpg

/b121-140/b126
b126-4-2.jpg

/b121-140/b127
b127-4-2.jpg

/b121-140/b128
b128-2-5.jpg
b128-3-1.jpg

/b121-140/b129
b129-1-3.jpg
b129-1-4.jpg
b129-1-5.jpg
b129-3-1.jpg

/b121-140/b131
b131-3-3.jpg
b131-6-4.jpg

/b121-140/b136
b136-1-3.jpg
b136-2-1.jpg
b136-2-2.jpg
b136-2-3.jpg
b136-2-5.jpg

/b121-140/b137
b137-6-3.jpg
b137-7-2.jpg

/b121-140/b140
b140-4-2.jpg

/b141-160/b144
b144-6-2.jpg
b144-7-2.jpg
b144-7-4.jpg

/b141-160/b145
b145-1-4.jpg
b145-4-5.jpg
b145-7-2.jpg

/b141-160/b147
b147-7-2.jpg

/b141-160/b149
b149-2-5.jpg
b149-3-3.jpg
b149-5-4.jpg

/b141-160/b150
b150-1-2.jpg
b150-1-3.jpg
b150-2-4.jpg
b150-3-1.jpg
b150-3-4.jpg
b150-5-1.jpg

/b141-160/b152
b152-7-3.jpg

/b141-160/b154
b154-5-3.jpg

/b141-160/b157
b157-7-5.jpg

/b141-160/b160
b160-3-4.jpg

/b161-180/b163
b163-6-5.jpg

/b161-180/b164
b164-5-2.jpg

/b161-180/b165
b165-4-4.jpg

/b161-180/b166
b166-2-2.jpg
b166-2-4.jpg
b166-3-1.jpg
b166-3-3.jpg
b166-4-3.jpg
b166-5-1.jpg
b166-5-2.jpg
b166-6-2.jpg
b166-7-4.jpg

/b161-180/b170
b170-1-2.jpg
b170-1-5.jpg
b170-4-3.jpg

/b161-180/b171
b171-1-1.jpg

/b161-180/b173
b173-4-2.jpg

/b161-180/b174
b174-4-4.jpg

/b161-180/b175
b175-2-4.jpg
b175-3-5.jpg
b175-4-5.jpg
b175-5-1.jpg
b175-5-3.jpg
b175-7-1.jpg

/b161-180/b176
b176-3-3.jpg
b176-4-2.jpg
b176-4-3.jpg
b176-5-4.jpg
b176-6-1.jpg

/b161-180/b177
b177-1-1.jpg
b177-1-3.jpg
b177-2-2.jpg
b177-3-1.jpg
b177-3-3.jpg
b177-4-1.jpg

/b161-180/b178
b178-6-5.jpg
b178-7-4.jpg

/b161-180/b179
b179-2-3.jpg

/b181-200/b184
b184-7-1.jpg

/b181-200/b185
b185-4-2.jpg

/b181-200/b188
b188-7-2.jpg
b188-7-3.jpg
