#

/home/user/work/udk/udklib/prog/rando/Turkey/IMG_20221003_184513.jpg
/home/user/work/udk/udklib/prog/rando/Turkey/IMG_20221005_103251.jpg
/home/user/work/udk/udklib/prog/rando/Turkey/IMG-20221001-WA0001.jpg
/home/user/foto/IMG_20221102_164715.jpg
/home/user/foto/IMG_20221102_164735.jpg
/home/user/foto/Turkey/IMG_20221102_164653.jpg
/home/user/foto/Turkey/IMG_20221023_120858.jpg
/home/user/foto/Turkey/IMG_20221102_170401.jpg
/home/user/foto/Turkey/IMG_20221006_065147.jpg
/home/user/foto/Turkey/Turkey/IMG_20221018_155702.jpg
/foto/Turkey3/IMG_20221022_192317.jpg
/foto/Turkey3/IMG_20221005_112611.jpg
/home/user/foto/Turkey/IMG-20221001-WA0002.jpg
/home/user/foto/Turkey3/IMG_20221031_082011.jpg
/Turkey2/IMG_20221003_182232.jpg
/home/user/foto/Turkey3/IMG_20221004_073408.jpg
/home/user/foto/Turkey3/IMG_20221006_070339.jpg
/home/user/foto/Turkey3/IMG-20221006-WA0005.jpg
/home/user/foto/Turkey3/IMG_20221006_065209.jpg
/Turkey2/IMG_20221003_192119.jpg
/Turkey2/IMG_20221003_182230.jpg
/home/user/foto/Turkey3/IMG_20221005_112635.jpg
/home/user/foto/Turkey3/IMG_20221005_112639.jpg
/home/user/foto/Turkey3/IMG_20221102_164534.jpg
/home/user/foto/Turkey3/IMG_20221004_065929.jpg
/home/user/foto/Turkey3/IMG_20221023_120921.jpg
/home/user/foto/Turkey3/IMG_20221005_103053.jpg
/home/user/foto/Turkey3/IMG-20221023-WA0000.jpeg
/home/user/foto/Turkey/Turkey/IMG-20220925-WA0002.jpg
/home/user/foto/Turkey3/IMG_20221102_164543.jpg
/home/user/foto/Turkey/IMG_20221102_170314.jpg
/home/user/foto/Turkey3/IMG_20221018_155702.jpg
/home/user/foto/Turkey/IMG-20221001-WA0004.jpg
/Turkey2/IMG_20221003_182245.jpg
/home/user/foto/Turkey/IMG_20221005_112611.jpg
/home/user/foto/Turkey/IMG_20221022_191949.jpg
/home/user/foto/Turkey/IMG-20220925-WA0002.jpg
/Turkey2/IMG_20221003_192026.jpg
/home/user/foto/Turkey3/IMG_20221102_164553.jpg
/home/user/foto/Turkey3/IMG_20221022_192207.jpg
/home/user/foto/Turkey/IMG_20221006_065209.jpg
/home/user/foto/Turkey3/IMG_20221006_065147.jpg
/home/user/foto/Turkey3/IMG_20221005_103119.jpg
/home/user/foto/Turkey/IMG_20221102_170310.jpg
/home/user/foto/Turkey/IMG_20221102_164643.jpg
/home/user/foto/Turkey/IMG_20221018_155647.jpg
/home/user/foto/Turkey/IMG_20221006_065152.jpg
/Turkey2/IMG_20221003_184218.jpg
/Turkey2/IMG_20221003_184230.jpg
/home/user/foto/Turkey/IMG-20221005-WA0002.jpg
