#
# test
#

#: info
#=var value
#=base - def progpath

# path:
# /... - full path Linux
# ./... - base/...
# ~/... - home/...
# C:\... - full path Win
# \... - full path

=base /home/user/foto/Turkey
=comm Best foto

./Turkey
IMG-20220925-WA0002.jpg
IMG_20220926_101440.jpg
IMG-20220926-WA0000.jpg
IMG-20221001-WA0000.jpg

=base ~/foto
./Turkey
IMG-20221001-WA0001.jpg
IMG-20221001-WA0002.jpg
IMG-20221001-WA0003.jpg

/Turkey2
IMG-20221001-WA0004.jpg
IMG-20221001-WA0005.jpg
IMG_20221003_182230.jpg
IMG_20221003_182232.jpg
IMG_20221003_182245.jpg
IMG_20221003_184218.jpg
IMG_20221003_184230.jpg
IMG_20221003_184513.jpg
IMG_20221003_184632.jpg
IMG_20221003_192026.jpg
IMG_20221003_192039.jpg
IMG_20221003_192119.jpg
IMG_20221003_192122.jpg

~/foto/Turkey3
IMG_20221003_210627.jpg
IMG_20221004_065929.jpg
IMG_20221004_073408.jpg
IMG_20221004_073522.jpg
IMG_20221005_093524.jpg
IMG_20221005_093546.jpg
IMG_20221005_103053.jpg
IMG_20221005_103119.jpg
IMG_20221005_103242.jpg
IMG_20221005_103251.jpg
IMG_20221005_112611.jpg
IMG_20221005_112622.jpg
IMG_20221005_112635.jpg
IMG_20221005_112639.jpg
IMG-20221005-WA0002.jpg
IMG_20221006_065147.jpg
IMG_20221006_065152.jpg
IMG_20221006_065205.jpg
IMG_20221006_065209.jpg
IMG_20221006_065507.jpg
IMG_20221006_065513.jpg
IMG_20221006_065528.jpg
IMG_20221006_065558.jpg
IMG_20221006_070339.jpg
IMG_20221006_070400_1.jpg
IMG-20221006-WA0000.jpg
IMG-20221006-WA0001.jpg
IMG-20221006-WA0002.jpg
IMG-20221006-WA0003.jpg
IMG-20221006-WA0004.jpg
IMG-20221006-WA0005.jpg
IMG-20221006-WA0006.jpg
IMG_20221018_155647.jpg
IMG_20221018_155702.jpg
IMG_20221018_155914.jpg
IMG_20221018_155926.jpg
IMG_20221022_191635.jpg
IMG_20221022_191701.jpg
IMG_20221022_191800.jpg
IMG_20221022_191834.jpg
IMG_20221022_191845.jpg
IMG_20221022_191949.jpg
IMG_20221022_192138.jpg
IMG_20221022_192207.jpg
IMG_20221022_192244.jpg
IMG_20221022_192317.jpg
IMG_20221022_192333.jpg
IMG_20221023_120852.jpg
IMG_20221023_120858.jpg
IMG_20221023_120921.jpg
IMG_20221023_120950.jpg
IMG_20221023_121019.jpg
IMG_20221023_121123.jpg
IMG_20221023_121508.jpg
IMG-20221023-WA0000.jpeg
IMG_20221031_082011.jpg
IMG_20221102_164529.jpg
IMG_20221102_164532.jpg
IMG_20221102_164534.jpg
IMG_20221102_164538.jpg
IMG_20221102_164543.jpg
IMG_20221102_164546.jpg
IMG_20221102_164553.jpg
IMG_20221102_164603.jpg
IMG_20221102_164609.jpg
IMG_20221102_164643.jpg
IMG_20221102_164650.jpg
IMG_20221102_164653.jpg
IMG_20221102_164715.jpg
IMG_20221102_164726.jpg
IMG_20221102_164735.jpg
IMG_20221102_164743.jpg
IMG_20221102_170216.jpg
IMG_20221102_170310.jpg
IMG_20221102_170314.jpg
IMG_20221102_170401.jpg
IMG_20221103_060707.jpg
IMG_20221103_144736.jpg
IMG_20221103_162523.jpg
IMG_20221103_173413.jpg

~/foto/Turkey
*.jpg
